[debug] [2020-12-27T13:00:45.301Z] ----------------------------------------------------------------------
[debug] [2020-12-27T13:00:45.303Z] Command:       /usr/local/Cellar/node/13.8.0/bin/node /usr/local/bin/firebase --project=themashagame-990a8 emulators:start
[debug] [2020-12-27T13:00:45.303Z] CLI Version:   8.16.2
[debug] [2020-12-27T13:00:45.303Z] Platform:      darwin
[debug] [2020-12-27T13:00:45.303Z] Node Version:  v13.8.0
[debug] [2020-12-27T13:00:45.304Z] Time:          Sun Dec 27 2020 14:00:45 GMT+0100 (Central European Standard Time)
[debug] [2020-12-27T13:00:45.304Z] ----------------------------------------------------------------------
[debug] [2020-12-27T13:00:45.304Z] 
[debug] [2020-12-27T13:00:45.306Z] >>> [apiv2][query] GET https://firebase-public.firebaseio.com/cli.json [none]
[debug] [2020-12-27T13:00:45.320Z] > command requires scopes: ["email","openid","https://www.googleapis.com/auth/cloudplatformprojects.readonly","https://www.googleapis.com/auth/firebase","https://www.googleapis.com/auth/cloud-platform"]
[debug] [2020-12-27T13:00:45.321Z] > authorizing via signed-in user
[info] i  emulators: Starting emulators: functions, hosting {"metadata":{"emulator":{"name":"hub"},"message":"Starting emulators: functions, hosting"}}
[debug] [2020-12-27T13:00:45.334Z] [hub] writing locator at /var/folders/3p/jty6pgp13kd2fj30psx3t2zc3khtnv/T/hub-themashagame-990a8.json
[warn] ⚠  functions: The following emulators are not running, calls to these services from the Functions emulator will affect production: auth, firestore, database, pubsub {"metadata":{"emulator":{"name":"functions"},"message":"The following emulators are not running, calls to these services from the Functions emulator will affect production: \u001b[1mauth, firestore, database, pubsub\u001b[22m"}}
[warn] ⚠  Your requested "node" version "8" doesn't match your global version "13" {"metadata":{"emulator":{"name":"functions"},"message":"Your requested \"node\" version \"8\" doesn't match your global version \"13\""}}
[debug] [2020-12-27T13:00:45.350Z] defaultcredentials: writing to file /Users/mdordevic/.config/firebase/masadordevic_gmail_com_application_default_credentials.json
[debug] [2020-12-27T13:00:45.359Z] Setting GAC to /Users/mdordevic/.config/firebase/masadordevic_gmail_com_application_default_credentials.json {"metadata":{"emulator":{"name":"functions"},"message":"Setting GAC to /Users/mdordevic/.config/firebase/masadordevic_gmail_com_application_default_credentials.json"}}
[debug] [2020-12-27T13:00:45.367Z] > refreshing access token with scopes: ["email","https://www.googleapis.com/auth/cloud-platform","https://www.googleapis.com/auth/cloudplatformprojects.readonly","https://www.googleapis.com/auth/firebase","openid"]
[debug] [2020-12-27T13:00:45.367Z] >>> HTTP REQUEST POST https://www.googleapis.com/oauth2/v3/token  
 <request body omitted>
[debug] [2020-12-27T13:00:45.763Z] <<< HTTP RESPONSE 200 {"cache-control":"no-cache, no-store, max-age=0, must-revalidate","date":"Sun, 27 Dec 2020 13:00:46 GMT","pragma":"no-cache","expires":"Mon, 01 Jan 1990 00:00:00 GMT","content-type":"application/json; charset=utf-8","vary":"X-Origin, Referer, Origin,Accept-Encoding","server":"scaffolding on HTTPServer2","x-xss-protection":"0","x-frame-options":"SAMEORIGIN","x-content-type-options":"nosniff","alt-svc":"h3-29=\":443\"; ma=2592000,h3-T051=\":443\"; ma=2592000,h3-Q050=\":443\"; ma=2592000,h3-Q046=\":443\"; ma=2592000,h3-Q043=\":443\"; ma=2592000,quic=\":443\"; ma=2592000; v=\"46,43\"","accept-ranges":"none","transfer-encoding":"chunked"}
[debug] [2020-12-27T13:00:45.778Z] >>> HTTP REQUEST GET https://firebase.googleapis.com/v1beta1/projects/themashagame-990a8/webApps/-/config  
 
[debug] [2020-12-27T13:00:46.173Z] <<< [apiv2][status] GET https://firebase-public.firebaseio.com/cli.json 200
[debug] [2020-12-27T13:00:46.174Z] <<< [apiv2][body] GET https://firebase-public.firebaseio.com/cli.json {"cloudBuildErrorAfter":1594252800000,"cloudBuildWarnAfter":1590019200000,"defaultNode10After":1594252800000,"minVersion":"3.0.5","node8DeploysDisabledAfter":1613390400000,"node8RuntimeDisabledAfter":1615809600000,"node8WarnAfter":1600128000000}
[debug] [2020-12-27T13:00:46.982Z] <<< HTTP RESPONSE 200 {"content-type":"application/json; charset=UTF-8","vary":"X-Origin, Referer, Origin,Accept-Encoding","date":"Sun, 27 Dec 2020 13:00:47 GMT","server":"ESF","cache-control":"private","x-xss-protection":"0","x-frame-options":"SAMEORIGIN","x-content-type-options":"nosniff","alt-svc":"h3-29=\":443\"; ma=2592000,h3-T051=\":443\"; ma=2592000,h3-Q050=\":443\"; ma=2592000,h3-Q046=\":443\"; ma=2592000,h3-Q043=\":443\"; ma=2592000,quic=\":443\"; ma=2592000; v=\"46,43\"","accept-ranges":"none","transfer-encoding":"chunked"}
[info] i  hosting: Serving hosting files from: build {"metadata":{"emulator":{"name":"hosting"},"message":"Serving hosting files from: \u001b[1mbuild\u001b[22m"}}
[info] ✔  hosting: Local server: http://localhost:5000 {"metadata":{"emulator":{"name":"hosting"},"message":"Local server: \u001b[4m\u001b[1mhttp://localhost:5000\u001b[22m\u001b[24m"}}
[warn] ⚠  ui: Emulator UI unable to start on port 4000, starting on 4003 instead. {"metadata":{"emulator":{"name":"ui"},"message":"Emulator UI unable to start on port 4000, starting on 4003 instead."}}
[debug] [2020-12-27T13:00:47.371Z] Ignoring unsupported arg: auto_download {"metadata":{"emulator":{"name":"ui"},"message":"Ignoring unsupported arg: auto_download"}}
[debug] [2020-12-27T13:00:47.371Z] Ignoring unsupported arg: port {"metadata":{"emulator":{"name":"ui"},"message":"Ignoring unsupported arg: port"}}
[debug] [2020-12-27T13:00:47.371Z] Starting Emulator UI with command {"binary":"node","args":["/Users/mdordevic/.cache/firebase/emulators/ui-v1.2.2/server.bundle.js"],"optionalArgs":[],"joinArgs":false} {"metadata":{"emulator":{"name":"ui"},"message":"Starting Emulator UI with command {\"binary\":\"node\",\"args\":[\"/Users/mdordevic/.cache/firebase/emulators/ui-v1.2.2/server.bundle.js\"],\"optionalArgs\":[],\"joinArgs\":false}"}}
[info] i  ui: Emulator UI logging to ui-debug.log {"metadata":{"emulator":{"name":"ui"},"message":"Emulator UI logging to \u001b[1mui-debug.log\u001b[22m"}}
[debug] [2020-12-27T13:00:47.495Z] Web / API server started at http://localhost:4003
 {"metadata":{"emulator":{"name":"ui"},"message":"Web / API server started at http://localhost:4003\n"}}
[info] i  functions: Watching "/Users/mdordevic/elm-learning/elm-the-masha-game/functions" for Cloud Functions... {"metadata":{"emulator":{"name":"functions"},"message":"Watching \"/Users/mdordevic/elm-learning/elm-the-masha-game/functions\" for Cloud Functions..."}}
[debug] [2020-12-27T13:00:47.645Z] [worker-pool] addWorker(~diagnostic~) {"metadata":{"emulator":{"name":"functions"},"message":"[worker-pool] addWorker(~diagnostic~)"}}
[debug] [2020-12-27T13:00:47.645Z] [worker-pool] Adding worker with key ~diagnostic~, total=1 {"metadata":{"emulator":{"name":"functions"},"message":"[worker-pool] Adding worker with key ~diagnostic~, total=1"}}
[debug] [2020-12-27T13:00:47.645Z] [worker-pool] submitWork(triggerId=) {"metadata":{"emulator":{"name":"functions"},"message":"[worker-pool] submitWork(triggerId=)"}}
[debug] [2020-12-27T13:00:47.645Z] [worker-~diagnostic~-37a58a4e-e800-4757-9334-b76e6e932630]: Assigning socketPath: /var/folders/3p/jty6pgp13kd2fj30psx3t2zc3khtnv/T/fire_emu_69011.sock {"metadata":{"emulator":{"name":"functions"},"message":"[worker-~diagnostic~-37a58a4e-e800-4757-9334-b76e6e932630]: Assigning socketPath: /var/folders/3p/jty6pgp13kd2fj30psx3t2zc3khtnv/T/fire_emu_69011.sock"}}
[debug] [2020-12-27T13:00:47.646Z] [worker-~diagnostic~-37a58a4e-e800-4757-9334-b76e6e932630]: BUSY {"metadata":{"emulator":{"name":"functions"},"message":"[worker-~diagnostic~-37a58a4e-e800-4757-9334-b76e6e932630]: BUSY"}}
[debug] [2020-12-27T13:00:47.948Z] [runtime-status] [69011] Functions runtime initialized. {"cwd":"/Users/mdordevic/elm-learning/elm-the-masha-game/functions","node_version":"13.8.0"} {"metadata":{"emulator":{"name":"functions"},"message":"[runtime-status] [69011] Functions runtime initialized. {\"cwd\":\"/Users/mdordevic/elm-learning/elm-the-masha-game/functions\",\"node_version\":\"13.8.0\"}"}}
[debug] [2020-12-27T13:00:47.948Z] [runtime-status] [69011] Disabled runtime features: undefined {"metadata":{"emulator":{"name":"functions"},"message":"[runtime-status] [69011] Disabled runtime features: undefined"}}
[debug] [2020-12-27T13:00:47.952Z] [runtime-status] [69011] Resolved module firebase-admin {"declared":true,"installed":true,"version":"9.4.1","resolution":"/Users/mdordevic/elm-learning/elm-the-masha-game/functions/node_modules/firebase-admin/lib/index.js"} {"metadata":{"emulator":{"name":"functions"},"message":"[runtime-status] [69011] Resolved module firebase-admin {\"declared\":true,\"installed\":true,\"version\":\"9.4.1\",\"resolution\":\"/Users/mdordevic/elm-learning/elm-the-masha-game/functions/node_modules/firebase-admin/lib/index.js\"}"}}
[debug] [2020-12-27T13:00:47.954Z] [runtime-status] [69011] Resolved module firebase-functions {"declared":true,"installed":true,"version":"3.11.0","resolution":"/Users/mdordevic/elm-learning/elm-the-masha-game/functions/node_modules/firebase-functions/lib/index.js"} {"metadata":{"emulator":{"name":"functions"},"message":"[runtime-status] [69011] Resolved module firebase-functions {\"declared\":true,\"installed\":true,\"version\":\"3.11.0\",\"resolution\":\"/Users/mdordevic/elm-learning/elm-the-masha-game/functions/node_modules/firebase-functions/lib/index.js\"}"}}
[debug] [2020-12-27T13:00:47.955Z] [runtime-status] [69011] Resolved module firebase-functions {"declared":true,"installed":true,"version":"3.11.0","resolution":"/Users/mdordevic/elm-learning/elm-the-masha-game/functions/node_modules/firebase-functions/lib/index.js"} {"metadata":{"emulator":{"name":"functions"},"message":"[runtime-status] [69011] Resolved module firebase-functions {\"declared\":true,\"installed\":true,\"version\":\"3.11.0\",\"resolution\":\"/Users/mdordevic/elm-learning/elm-the-masha-game/functions/node_modules/firebase-functions/lib/index.js\"}"}}
[debug] [2020-12-27T13:00:47.957Z] [runtime-status] [69011] Outgoing network have been stubbed. [{"name":"http","status":"mocked"},{"name":"http","status":"mocked"},{"name":"https","status":"mocked"},{"name":"https","status":"mocked"},{"name":"net","status":"mocked"}] {"metadata":{"emulator":{"name":"functions"},"message":"[runtime-status] [69011] Outgoing network have been stubbed. [{\"name\":\"http\",\"status\":\"mocked\"},{\"name\":\"http\",\"status\":\"mocked\"},{\"name\":\"https\",\"status\":\"mocked\"},{\"name\":\"https\",\"status\":\"mocked\"},{\"name\":\"net\",\"status\":\"mocked\"}]"}}
[debug] [2020-12-27T13:00:47.958Z] [runtime-status] [69011] Resolved module firebase-functions {"declared":true,"installed":true,"version":"3.11.0","resolution":"/Users/mdordevic/elm-learning/elm-the-masha-game/functions/node_modules/firebase-functions/lib/index.js"} {"metadata":{"emulator":{"name":"functions"},"message":"[runtime-status] [69011] Resolved module firebase-functions {\"declared\":true,\"installed\":true,\"version\":\"3.11.0\",\"resolution\":\"/Users/mdordevic/elm-learning/elm-the-masha-game/functions/node_modules/firebase-functions/lib/index.js\"}"}}
[debug] [2020-12-27T13:00:48.017Z] [runtime-status] [69011] Checked functions.config() {"config":{}} {"metadata":{"emulator":{"name":"functions"},"message":"[runtime-status] [69011] Checked functions.config() {\"config\":{}}"}}
[debug] [2020-12-27T13:00:48.017Z] [runtime-status] [69011] firebase-functions has been stubbed. {"functionsResolution":{"declared":true,"installed":true,"version":"3.11.0","resolution":"/Users/mdordevic/elm-learning/elm-the-masha-game/functions/node_modules/firebase-functions/lib/index.js"}} {"metadata":{"emulator":{"name":"functions"},"message":"[runtime-status] [69011] firebase-functions has been stubbed. {\"functionsResolution\":{\"declared\":true,\"installed\":true,\"version\":\"3.11.0\",\"resolution\":\"/Users/mdordevic/elm-learning/elm-the-masha-game/functions/node_modules/firebase-functions/lib/index.js\"}}"}}
[debug] [2020-12-27T13:00:48.018Z] [runtime-status] [69011] Resolved module firebase-functions {"declared":true,"installed":true,"version":"3.11.0","resolution":"/Users/mdordevic/elm-learning/elm-the-masha-game/functions/node_modules/firebase-functions/lib/index.js"} {"metadata":{"emulator":{"name":"functions"},"message":"[runtime-status] [69011] Resolved module firebase-functions {\"declared\":true,\"installed\":true,\"version\":\"3.11.0\",\"resolution\":\"/Users/mdordevic/elm-learning/elm-the-masha-game/functions/node_modules/firebase-functions/lib/index.js\"}"}}
[debug] [2020-12-27T13:00:48.019Z] [runtime-status] [69011] Resolved module firebase-admin {"declared":true,"installed":true,"version":"9.4.1","resolution":"/Users/mdordevic/elm-learning/elm-the-masha-game/functions/node_modules/firebase-admin/lib/index.js"} {"metadata":{"emulator":{"name":"functions"},"message":"[runtime-status] [69011] Resolved module firebase-admin {\"declared\":true,\"installed\":true,\"version\":\"9.4.1\",\"resolution\":\"/Users/mdordevic/elm-learning/elm-the-masha-game/functions/node_modules/firebase-admin/lib/index.js\"}"}}
[debug] [2020-12-27T13:00:48.020Z] [runtime-status] [69011] Resolved module firebase-functions {"declared":true,"installed":true,"version":"3.11.0","resolution":"/Users/mdordevic/elm-learning/elm-the-masha-game/functions/node_modules/firebase-functions/lib/index.js"} {"metadata":{"emulator":{"name":"functions"},"message":"[runtime-status] [69011] Resolved module firebase-functions {\"declared\":true,\"installed\":true,\"version\":\"3.11.0\",\"resolution\":\"/Users/mdordevic/elm-learning/elm-the-masha-game/functions/node_modules/firebase-functions/lib/index.js\"}"}}
[debug] [2020-12-27T13:00:48.020Z] [runtime-status] [69011] firebase-admin has been stubbed. {"adminResolution":{"declared":true,"installed":true,"version":"9.4.1","resolution":"/Users/mdordevic/elm-learning/elm-the-masha-game/functions/node_modules/firebase-admin/lib/index.js"}} {"metadata":{"emulator":{"name":"functions"},"message":"[runtime-status] [69011] firebase-admin has been stubbed. {\"adminResolution\":{\"declared\":true,\"installed\":true,\"version\":\"9.4.1\",\"resolution\":\"/Users/mdordevic/elm-learning/elm-the-masha-game/functions/node_modules/firebase-admin/lib/index.js\"}}"}}
[debug] [2020-12-27T13:00:48.024Z] [runtime-status] [69011] initializeApp(DEFAULT) {"databaseURL":"https://themashagame-990a8.firebaseio.com","storageBucket":"themashagame-990a8.appspot.com","projectId":"themashagame-990a8"} {"metadata":{"emulator":{"name":"functions"},"message":"[runtime-status] [69011] initializeApp(DEFAULT) {\"databaseURL\":\"https://themashagame-990a8.firebaseio.com\",\"storageBucket\":\"themashagame-990a8.appspot.com\",\"projectId\":\"themashagame-990a8\"}"}}
[warn] ⚠  functions: The Realtime Database emulator is not running, so calls to Realtime Database will affect production. {"metadata":{"emulator":{"name":"functions"},"message":"The Realtime Database emulator is not running, so calls to Realtime Database will affect production."}}
[info] ✔  functions[helloWorld]: http function initialized (http://localhost:5001/themashagame-990a8/us-central1/helloWorld). {"metadata":{"emulator":{"name":"functions"},"message":"\u001b[1mhttp\u001b[22m function initialized (http://localhost:5001/themashagame-990a8/us-central1/helloWorld)."}}
[info] ✔  functions[addGame]: http function initialized (http://localhost:5001/themashagame-990a8/us-central1/addGame). {"metadata":{"emulator":{"name":"functions"},"message":"\u001b[1mhttp\u001b[22m function initialized (http://localhost:5001/themashagame-990a8/us-central1/addGame)."}}
[info] ✔  functions[joinGame]: http function initialized (http://localhost:5001/themashagame-990a8/us-central1/joinGame). {"metadata":{"emulator":{"name":"functions"},"message":"\u001b[1mhttp\u001b[22m function initialized (http://localhost:5001/themashagame-990a8/us-central1/joinGame)."}}
[info] ✔  functions[findGame]: http function initialized (http://localhost:5001/themashagame-990a8/us-central1/findGame). {"metadata":{"emulator":{"name":"functions"},"message":"\u001b[1mhttp\u001b[22m function initialized (http://localhost:5001/themashagame-990a8/us-central1/findGame)."}}
[info] ✔  functions[acceptRequest]: http function initialized (http://localhost:5001/themashagame-990a8/us-central1/acceptRequest). {"metadata":{"emulator":{"name":"functions"},"message":"\u001b[1mhttp\u001b[22m function initialized (http://localhost:5001/themashagame-990a8/us-central1/acceptRequest)."}}
[info] ✔  functions[updateGame]: http function initialized (http://localhost:5001/themashagame-990a8/us-central1/updateGame). {"metadata":{"emulator":{"name":"functions"},"message":"\u001b[1mhttp\u001b[22m function initialized (http://localhost:5001/themashagame-990a8/us-central1/updateGame)."}}
[info] ✔  functions[addWord]: http function initialized (http://localhost:5001/themashagame-990a8/us-central1/addWord). {"metadata":{"emulator":{"name":"functions"},"message":"\u001b[1mhttp\u001b[22m function initialized (http://localhost:5001/themashagame-990a8/us-central1/addWord)."}}
[info] ✔  functions[deleteWord]: http function initialized (http://localhost:5001/themashagame-990a8/us-central1/deleteWord). {"metadata":{"emulator":{"name":"functions"},"message":"\u001b[1mhttp\u001b[22m function initialized (http://localhost:5001/themashagame-990a8/us-central1/deleteWord)."}}
[info] 
┌────────────────────────────────────────────────────────────────┐
│ ✔  All emulators ready! View status and logs at localhost:4003 │
└────────────────────────────────────────────────────────────────┘

┌───────────┬────────────────┬──────────────────────────┐
│ Emulator  │ Host:Port      │ View in Emulator UI      │
├───────────┼────────────────┼──────────────────────────┤
│ Functions │ localhost:5001 │ localhost:4003/functions │
├───────────┼────────────────┼──────────────────────────┤
│ Hosting   │ localhost:5000 │ n/a                      │
└───────────┴────────────────┴──────────────────────────┘
  Other reserved ports: 4400, 4500

Issues? Report them at https://github.com/firebase/firebase-tools/issues and attach the *-debug.log files.
 
[debug] [2020-12-27T13:00:48.102Z] [worker-~diagnostic~-37a58a4e-e800-4757-9334-b76e6e932630]: IDLE {"metadata":{"emulator":{"name":"functions"},"message":"[worker-~diagnostic~-37a58a4e-e800-4757-9334-b76e6e932630]: IDLE"}}
[debug] [2020-12-27T13:23:53.269Z] [work-queue] {"queueLength":1,"workRunningCount":0}
[debug] [2020-12-27T13:23:53.269Z] [work-queue] {"queueLength":0,"workRunningCount":1}
[debug] [2020-12-27T13:23:53.270Z] Accepted request GET /themashagame-990a8/us-central1/findGame?gameId=MASA --> findGame
[debug] [2020-12-27T13:23:53.274Z] [worker-pool] addWorker(findGame) {"metadata":{"emulator":{"name":"functions"},"message":"[worker-pool] addWorker(findGame)"}}
[debug] [2020-12-27T13:23:53.275Z] [worker-pool] Adding worker with key findGame, total=1 {"metadata":{"emulator":{"name":"functions"},"message":"[worker-pool] Adding worker with key findGame, total=1"}}
[debug] [2020-12-27T13:23:53.275Z] [worker-pool] submitWork(triggerId=findGame) {"metadata":{"emulator":{"name":"functions"},"message":"[worker-pool] submitWork(triggerId=findGame)"}}
[debug] [2020-12-27T13:23:53.275Z] [worker-findGame-55632a91-a4c0-47d3-8ab5-4d43075fcde4]: Assigning socketPath: /var/folders/3p/jty6pgp13kd2fj30psx3t2zc3khtnv/T/fire_emu_75815.sock {"metadata":{"emulator":{"name":"functions"},"message":"[worker-findGame-55632a91-a4c0-47d3-8ab5-4d43075fcde4]: Assigning socketPath: /var/folders/3p/jty6pgp13kd2fj30psx3t2zc3khtnv/T/fire_emu_75815.sock"}}
[debug] [2020-12-27T13:23:53.275Z] [worker-findGame-55632a91-a4c0-47d3-8ab5-4d43075fcde4]: BUSY {"metadata":{"emulator":{"name":"functions"},"message":"[worker-findGame-55632a91-a4c0-47d3-8ab5-4d43075fcde4]: BUSY"}}
[debug] [2020-12-27T13:23:53.809Z] [runtime-status] [75815] Functions runtime initialized. {"cwd":"/Users/mdordevic/elm-learning/elm-the-masha-game/functions","node_version":"13.8.0"} {"metadata":{"emulator":{"name":"functions"},"function":{"name":"findGame"},"message":"[runtime-status] [75815] Functions runtime initialized. {\"cwd\":\"/Users/mdordevic/elm-learning/elm-the-masha-game/functions\",\"node_version\":\"13.8.0\"}"}}
[debug] [2020-12-27T13:23:53.811Z] [runtime-status] [75815] Disabled runtime features: undefined {"metadata":{"emulator":{"name":"functions"},"function":{"name":"findGame"},"message":"[runtime-status] [75815] Disabled runtime features: undefined"}}
[debug] [2020-12-27T13:23:53.817Z] [runtime-status] [75815] Resolved module firebase-admin {"declared":true,"installed":true,"version":"9.4.1","resolution":"/Users/mdordevic/elm-learning/elm-the-masha-game/functions/node_modules/firebase-admin/lib/index.js"} {"metadata":{"emulator":{"name":"functions"},"function":{"name":"findGame"},"message":"[runtime-status] [75815] Resolved module firebase-admin {\"declared\":true,\"installed\":true,\"version\":\"9.4.1\",\"resolution\":\"/Users/mdordevic/elm-learning/elm-the-masha-game/functions/node_modules/firebase-admin/lib/index.js\"}"}}
[debug] [2020-12-27T13:23:53.820Z] [runtime-status] [75815] Resolved module firebase-functions {"declared":true,"installed":true,"version":"3.11.0","resolution":"/Users/mdordevic/elm-learning/elm-the-masha-game/functions/node_modules/firebase-functions/lib/index.js"} {"metadata":{"emulator":{"name":"functions"},"function":{"name":"findGame"},"message":"[runtime-status] [75815] Resolved module firebase-functions {\"declared\":true,\"installed\":true,\"version\":\"3.11.0\",\"resolution\":\"/Users/mdordevic/elm-learning/elm-the-masha-game/functions/node_modules/firebase-functions/lib/index.js\"}"}}
[debug] [2020-12-27T13:23:53.822Z] [runtime-status] [75815] Resolved module firebase-functions {"declared":true,"installed":true,"version":"3.11.0","resolution":"/Users/mdordevic/elm-learning/elm-the-masha-game/functions/node_modules/firebase-functions/lib/index.js"} {"metadata":{"emulator":{"name":"functions"},"function":{"name":"findGame"},"message":"[runtime-status] [75815] Resolved module firebase-functions {\"declared\":true,\"installed\":true,\"version\":\"3.11.0\",\"resolution\":\"/Users/mdordevic/elm-learning/elm-the-masha-game/functions/node_modules/firebase-functions/lib/index.js\"}"}}
[debug] [2020-12-27T13:23:53.823Z] [runtime-status] [75815] Outgoing network have been stubbed. [{"name":"http","status":"mocked"},{"name":"http","status":"mocked"},{"name":"https","status":"mocked"},{"name":"https","status":"mocked"},{"name":"net","status":"mocked"}] {"metadata":{"emulator":{"name":"functions"},"function":{"name":"findGame"},"message":"[runtime-status] [75815] Outgoing network have been stubbed. [{\"name\":\"http\",\"status\":\"mocked\"},{\"name\":\"http\",\"status\":\"mocked\"},{\"name\":\"https\",\"status\":\"mocked\"},{\"name\":\"https\",\"status\":\"mocked\"},{\"name\":\"net\",\"status\":\"mocked\"}]"}}
[debug] [2020-12-27T13:23:53.823Z] [runtime-status] [75815] Resolved module firebase-functions {"declared":true,"installed":true,"version":"3.11.0","resolution":"/Users/mdordevic/elm-learning/elm-the-masha-game/functions/node_modules/firebase-functions/lib/index.js"} {"metadata":{"emulator":{"name":"functions"},"function":{"name":"findGame"},"message":"[runtime-status] [75815] Resolved module firebase-functions {\"declared\":true,\"installed\":true,\"version\":\"3.11.0\",\"resolution\":\"/Users/mdordevic/elm-learning/elm-the-masha-game/functions/node_modules/firebase-functions/lib/index.js\"}"}}
[debug] [2020-12-27T13:23:53.884Z] [runtime-status] [75815] Checked functions.config() {"config":{}} {"metadata":{"emulator":{"name":"functions"},"function":{"name":"findGame"},"message":"[runtime-status] [75815] Checked functions.config() {\"config\":{}}"}}
[debug] [2020-12-27T13:23:53.885Z] [runtime-status] [75815] firebase-functions has been stubbed. {"functionsResolution":{"declared":true,"installed":true,"version":"3.11.0","resolution":"/Users/mdordevic/elm-learning/elm-the-masha-game/functions/node_modules/firebase-functions/lib/index.js"}} {"metadata":{"emulator":{"name":"functions"},"function":{"name":"findGame"},"message":"[runtime-status] [75815] firebase-functions has been stubbed. {\"functionsResolution\":{\"declared\":true,\"installed\":true,\"version\":\"3.11.0\",\"resolution\":\"/Users/mdordevic/elm-learning/elm-the-masha-game/functions/node_modules/firebase-functions/lib/index.js\"}}"}}
[debug] [2020-12-27T13:23:53.885Z] [runtime-status] [75815] Resolved module firebase-functions {"declared":true,"installed":true,"version":"3.11.0","resolution":"/Users/mdordevic/elm-learning/elm-the-masha-game/functions/node_modules/firebase-functions/lib/index.js"} {"metadata":{"emulator":{"name":"functions"},"function":{"name":"findGame"},"message":"[runtime-status] [75815] Resolved module firebase-functions {\"declared\":true,\"installed\":true,\"version\":\"3.11.0\",\"resolution\":\"/Users/mdordevic/elm-learning/elm-the-masha-game/functions/node_modules/firebase-functions/lib/index.js\"}"}}
[debug] [2020-12-27T13:23:53.886Z] [runtime-status] [75815] Resolved module firebase-admin {"declared":true,"installed":true,"version":"9.4.1","resolution":"/Users/mdordevic/elm-learning/elm-the-masha-game/functions/node_modules/firebase-admin/lib/index.js"} {"metadata":{"emulator":{"name":"functions"},"function":{"name":"findGame"},"message":"[runtime-status] [75815] Resolved module firebase-admin {\"declared\":true,\"installed\":true,\"version\":\"9.4.1\",\"resolution\":\"/Users/mdordevic/elm-learning/elm-the-masha-game/functions/node_modules/firebase-admin/lib/index.js\"}"}}
[debug] [2020-12-27T13:23:53.887Z] [runtime-status] [75815] Resolved module firebase-functions {"declared":true,"installed":true,"version":"3.11.0","resolution":"/Users/mdordevic/elm-learning/elm-the-masha-game/functions/node_modules/firebase-functions/lib/index.js"} {"metadata":{"emulator":{"name":"functions"},"function":{"name":"findGame"},"message":"[runtime-status] [75815] Resolved module firebase-functions {\"declared\":true,\"installed\":true,\"version\":\"3.11.0\",\"resolution\":\"/Users/mdordevic/elm-learning/elm-the-masha-game/functions/node_modules/firebase-functions/lib/index.js\"}"}}
[debug] [2020-12-27T13:23:53.887Z] [runtime-status] [75815] firebase-admin has been stubbed. {"adminResolution":{"declared":true,"installed":true,"version":"9.4.1","resolution":"/Users/mdordevic/elm-learning/elm-the-masha-game/functions/node_modules/firebase-admin/lib/index.js"}} {"metadata":{"emulator":{"name":"functions"},"function":{"name":"findGame"},"message":"[runtime-status] [75815] firebase-admin has been stubbed. {\"adminResolution\":{\"declared\":true,\"installed\":true,\"version\":\"9.4.1\",\"resolution\":\"/Users/mdordevic/elm-learning/elm-the-masha-game/functions/node_modules/firebase-admin/lib/index.js\"}}"}}
[debug] [2020-12-27T13:23:53.891Z] [runtime-status] [75815] initializeApp(DEFAULT) {"databaseURL":"https://themashagame-990a8.firebaseio.com","storageBucket":"themashagame-990a8.appspot.com","projectId":"themashagame-990a8"} {"metadata":{"emulator":{"name":"functions"},"function":{"name":"findGame"},"message":"[runtime-status] [75815] initializeApp(DEFAULT) {\"databaseURL\":\"https://themashagame-990a8.firebaseio.com\",\"storageBucket\":\"themashagame-990a8.appspot.com\",\"projectId\":\"themashagame-990a8\"}"}}
[debug] [2020-12-27T13:23:53.982Z] [runtime-status] [75815] Trigger "findGame" has been found, beginning invocation! {"metadata":{"emulator":{"name":"functions"},"function":{"name":"findGame"},"message":"[runtime-status] [75815] Trigger \"findGame\" has been found, beginning invocation!"}}
[info] i  functions: Beginning execution of "findGame" {"metadata":{"emulator":{"name":"functions"},"function":{"name":"findGame"},"message":"Beginning execution of \"findGame\""}}
[debug] [2020-12-27T13:23:53.982Z] [runtime-status] [75815] triggerDefinition {"httpsTrigger":{},"name":"findGame","entryPoint":"findGame"} {"metadata":{"emulator":{"name":"functions"},"function":{"name":"findGame"},"message":"[runtime-status] [75815] triggerDefinition {\"httpsTrigger\":{},\"name\":\"findGame\",\"entryPoint\":\"findGame\"}"}}
[debug] [2020-12-27T13:23:53.982Z] [runtime-status] [75815] Running findGame in mode HTTPS {"metadata":{"emulator":{"name":"functions"},"function":{"name":"findGame"},"message":"[runtime-status] [75815] Running findGame in mode HTTPS"}}
[debug] [2020-12-27T13:23:53.986Z] [runtime-status] [75815] Attempting to listen to socketPath: /var/folders/3p/jty6pgp13kd2fj30psx3t2zc3khtnv/T/fire_emu_75815.sock {"metadata":{"emulator":{"name":"functions"},"function":{"name":"findGame"},"message":"[runtime-status] [75815] Attempting to listen to socketPath: /var/folders/3p/jty6pgp13kd2fj30psx3t2zc3khtnv/T/fire_emu_75815.sock"}}
[debug] [2020-12-27T13:23:53.989Z] [functions] Runtime ready! Sending request! {"metadata":{"emulator":{"name":"functions"},"message":"[functions] Runtime ready! Sending request!"}}
[debug] [2020-12-27T13:23:54.003Z] [runtime-status] [75815] Ephemeral server handling GET request {"metadata":{"emulator":{"name":"functions"},"function":{"name":"findGame"},"message":"[runtime-status] [75815] Ephemeral server handling GET request"}}
[debug] [2020-12-27T13:23:54.008Z] [runtime-status] [75815] Ephemeral server survived. {"metadata":{"emulator":{"name":"functions"},"function":{"name":"findGame"},"message":"[runtime-status] [75815] Ephemeral server survived."}}
[info] i  functions: Finished "findGame" in ~1s {"metadata":{"emulator":{"name":"functions"},"function":{"name":"findGame"},"message":"Finished \"findGame\" in ~1s"}}
[debug] [2020-12-27T13:23:55.044Z] [worker-findGame-55632a91-a4c0-47d3-8ab5-4d43075fcde4]: IDLE {"metadata":{"emulator":{"name":"functions"},"message":"[worker-findGame-55632a91-a4c0-47d3-8ab5-4d43075fcde4]: IDLE"}}
[debug] [2020-12-27T13:23:55.044Z] [work-queue] {"queueLength":0,"workRunningCount":0}
